  [1m[35m (482.4ms)[0m  [1m[35mCREATE DATABASE "festa-backend_development" ENCODING = 'unicode'[0m
  ↳ bin/rails:9
  [1m[35m (356.0ms)[0m  [1m[35mCREATE DATABASE "festa-backend_test" ENCODING = 'unicode'[0m
  ↳ bin/rails:9
  [1m[35m (5.9ms)[0m  [1m[35mCREATE TABLE "schema_migrations" ("version" character varying NOT NULL PRIMARY KEY)[0m
  ↳ bin/rails:9
  [1m[35m (3.1ms)[0m  [1m[35mCREATE TABLE "ar_internal_metadata" ("key" character varying NOT NULL PRIMARY KEY, "value" character varying, "created_at" timestamp NOT NULL, "updated_at" timestamp NOT NULL)[0m
  ↳ bin/rails:9
  [1m[35m (0.7ms)[0m  [1m[34mSELECT pg_try_advisory_lock(3550744802028369960)[0m
  ↳ bin/rails:9
  [1m[35m (0.4ms)[0m  [1m[34mSELECT "schema_migrations"."version" FROM "schema_migrations" ORDER BY "schema_migrations"."version" ASC[0m
  ↳ bin/rails:9
Migrating to CreateUsers (20190608154248)
  [1m[35m (0.2ms)[0m  [1m[35mBEGIN[0m
  ↳ bin/rails:9
  [1m[35m (3.9ms)[0m  [1m[35mCREATE TABLE "users" ("id" bigserial primary key, "name" character varying, "email" character varying, "address" character varying, "number" integer, "apt" character varying, "neighborhood" character varying, "telephone" character varying, "cell_phone" character varying, "name_birthday" character varying, "number_childrem" integer, "number_adult" integer, "hour_start" time, "hour_end" time, "date" date, "day_week" character varying, "created_at" timestamp NOT NULL, "updated_at" timestamp NOT NULL)[0m
  ↳ db/migrate/20190608154248_create_users.rb:3
  [1m[36mActiveRecord::SchemaMigration Create (0.2ms)[0m  [1m[32mINSERT INTO "schema_migrations" ("version") VALUES ($1) RETURNING "version"[0m  [["version", "20190608154248"]]
  ↳ bin/rails:9
  [1m[35m (0.3ms)[0m  [1m[35mCOMMIT[0m
  ↳ bin/rails:9
  [1m[36mActiveRecord::InternalMetadata Load (0.3ms)[0m  [1m[34mSELECT  "ar_internal_metadata".* FROM "ar_internal_metadata" WHERE "ar_internal_metadata"."key" = $1 LIMIT $2[0m  [["key", "environment"], ["LIMIT", 1]]
  ↳ bin/rails:9
  [1m[35m (0.2ms)[0m  [1m[35mBEGIN[0m
  ↳ bin/rails:9
  [1m[36mActiveRecord::InternalMetadata Create (0.4ms)[0m  [1m[32mINSERT INTO "ar_internal_metadata" ("key", "value", "created_at", "updated_at") VALUES ($1, $2, $3, $4) RETURNING "key"[0m  [["key", "environment"], ["value", "development"], ["created_at", "2019-06-08 16:25:34.929299"], ["updated_at", "2019-06-08 16:25:34.929299"]]
  ↳ bin/rails:9
  [1m[35m (0.3ms)[0m  [1m[35mCOMMIT[0m
  ↳ bin/rails:9
  [1m[35m (0.2ms)[0m  [1m[34mSELECT pg_advisory_unlock(3550744802028369960)[0m
  ↳ bin/rails:9
  [1m[35m (0.2ms)[0m  [1m[34mSELECT "schema_migrations"."version" FROM "schema_migrations" ORDER BY "schema_migrations"."version" ASC[0m
  ↳ bin/rails:9
Started GET "/" for ::1 at 2019-06-08 13:31:03 -0300
  [1m[35m (0.6ms)[0m  [1m[34mSELECT "schema_migrations"."version" FROM "schema_migrations" ORDER BY "schema_migrations"."version" ASC[0m
  ↳ /home/mateus/.rbenv/versions/2.4.2/lib/ruby/gems/2.4.0/gems/activerecord-5.2.3/lib/active_record/log_subscriber.rb:98
Processing by Rails::WelcomeController#index as HTML
  Rendering /home/mateus/.rbenv/versions/2.4.2/lib/ruby/gems/2.4.0/gems/railties-5.2.3/lib/rails/templates/rails/welcome/index.html.erb
  Rendered /home/mateus/.rbenv/versions/2.4.2/lib/ruby/gems/2.4.0/gems/railties-5.2.3/lib/rails/templates/rails/welcome/index.html.erb (2.6ms)
Completed 200 OK in 8ms (Views: 6.4ms | ActiveRecord: 0.0ms)


Started GET "/favicon.ico" for ::1 at 2019-06-08 13:31:03 -0300
  
ActionController::RoutingError (No route matches [GET] "/favicon.ico"):
  
actionpack (5.2.3) lib/action_dispatch/middleware/debug_exceptions.rb:65:in `call'
actionpack (5.2.3) lib/action_dispatch/middleware/show_exceptions.rb:33:in `call'
railties (5.2.3) lib/rails/rack/logger.rb:38:in `call_app'
railties (5.2.3) lib/rails/rack/logger.rb:26:in `block in call'
activesupport (5.2.3) lib/active_support/tagged_logging.rb:71:in `block in tagged'
activesupport (5.2.3) lib/active_support/tagged_logging.rb:28:in `tagged'
activesupport (5.2.3) lib/active_support/tagged_logging.rb:71:in `tagged'
railties (5.2.3) lib/rails/rack/logger.rb:26:in `call'
actionpack (5.2.3) lib/action_dispatch/middleware/remote_ip.rb:81:in `call'
actionpack (5.2.3) lib/action_dispatch/middleware/request_id.rb:27:in `call'
rack (2.0.7) lib/rack/runtime.rb:22:in `call'
activesupport (5.2.3) lib/active_support/cache/strategy/local_cache_middleware.rb:29:in `call'
actionpack (5.2.3) lib/action_dispatch/middleware/executor.rb:14:in `call'
actionpack (5.2.3) lib/action_dispatch/middleware/static.rb:127:in `call'
rack (2.0.7) lib/rack/sendfile.rb:111:in `call'
railties (5.2.3) lib/rails/engine.rb:524:in `call'
puma (3.12.1) lib/puma/configuration.rb:227:in `call'
puma (3.12.1) lib/puma/server.rb:660:in `handle_request'
puma (3.12.1) lib/puma/server.rb:474:in `process_client'
puma (3.12.1) lib/puma/server.rb:334:in `block in run'
puma (3.12.1) lib/puma/thread_pool.rb:135:in `block in spawn_thread'
Started GET "/rails/info/routes" for ::1 at 2019-06-08 13:31:10 -0300
Processing by Rails::InfoController#routes as HTML
  Rendering /home/mateus/.rbenv/versions/2.4.2/lib/ruby/gems/2.4.0/gems/railties-5.2.3/lib/rails/templates/rails/info/routes.html.erb within layouts/application
  Rendered collection of /home/mateus/.rbenv/versions/2.4.2/lib/ruby/gems/2.4.0/gems/actionpack-5.2.3/lib/action_dispatch/middleware/templates/routes/_route.html.erb [11 times] (5.0ms)
  Rendered /home/mateus/.rbenv/versions/2.4.2/lib/ruby/gems/2.4.0/gems/actionpack-5.2.3/lib/action_dispatch/middleware/templates/routes/_table.html.erb (1.6ms)
  Rendered /home/mateus/.rbenv/versions/2.4.2/lib/ruby/gems/2.4.0/gems/railties-5.2.3/lib/rails/templates/rails/info/routes.html.erb within layouts/application (9.9ms)
Completed 200 OK in 16ms (Views: 14.1ms | ActiveRecord: 0.0ms)


Started GET "/api/v1/users" for ::1 at 2019-06-08 13:44:50 -0300
  [1m[35m (0.6ms)[0m  [1m[34mSELECT "schema_migrations"."version" FROM "schema_migrations" ORDER BY "schema_migrations"."version" ASC[0m
  ↳ /home/mateus/.rbenv/versions/2.4.2/lib/ruby/gems/2.4.0/gems/activerecord-5.2.3/lib/active_record/log_subscriber.rb:98
Processing by Api::V1::UsersController#index as JSON
  [1m[36mUser Load (0.5ms)[0m  [1m[34mSELECT "users".* FROM "users"[0m
  ↳ app/controllers/api/v1/users_controller.rb:14
Completed 200 OK in 5ms (Views: 1.9ms | ActiveRecord: 1.8ms)


Started OPTIONS "/api/v1/users" for ::1 at 2019-06-20 11:23:09 -0300
  [1m[35m (0.9ms)[0m  [1m[34mSELECT "schema_migrations"."version" FROM "schema_migrations" ORDER BY "schema_migrations"."version" ASC[0m
  ↳ /home/mateus/.rbenv/versions/2.4.2/lib/ruby/gems/2.4.0/gems/activerecord-5.2.3/lib/active_record/log_subscriber.rb:98
  
ActionController::RoutingError (No route matches [OPTIONS] "/api/v1/users"):
  
actionpack (5.2.3) lib/action_dispatch/middleware/debug_exceptions.rb:65:in `call'
actionpack (5.2.3) lib/action_dispatch/middleware/show_exceptions.rb:33:in `call'
railties (5.2.3) lib/rails/rack/logger.rb:38:in `call_app'
railties (5.2.3) lib/rails/rack/logger.rb:26:in `block in call'
activesupport (5.2.3) lib/active_support/tagged_logging.rb:71:in `block in tagged'
activesupport (5.2.3) lib/active_support/tagged_logging.rb:28:in `tagged'
activesupport (5.2.3) lib/active_support/tagged_logging.rb:71:in `tagged'
railties (5.2.3) lib/rails/rack/logger.rb:26:in `call'
actionpack (5.2.3) lib/action_dispatch/middleware/remote_ip.rb:81:in `call'
actionpack (5.2.3) lib/action_dispatch/middleware/request_id.rb:27:in `call'
rack (2.0.7) lib/rack/runtime.rb:22:in `call'
activesupport (5.2.3) lib/active_support/cache/strategy/local_cache_middleware.rb:29:in `call'
actionpack (5.2.3) lib/action_dispatch/middleware/executor.rb:14:in `call'
actionpack (5.2.3) lib/action_dispatch/middleware/static.rb:127:in `call'
rack (2.0.7) lib/rack/sendfile.rb:111:in `call'
railties (5.2.3) lib/rails/engine.rb:524:in `call'
puma (3.12.1) lib/puma/configuration.rb:227:in `call'
puma (3.12.1) lib/puma/server.rb:660:in `handle_request'
puma (3.12.1) lib/puma/server.rb:474:in `process_client'
puma (3.12.1) lib/puma/server.rb:334:in `block in run'
puma (3.12.1) lib/puma/thread_pool.rb:135:in `block in spawn_thread'
Started GET "/rails/info/routes" for ::1 at 2019-06-20 11:23:30 -0300
Processing by Rails::InfoController#routes as HTML
  Rendering /home/mateus/.rbenv/versions/2.4.2/lib/ruby/gems/2.4.0/gems/railties-5.2.3/lib/rails/templates/rails/info/routes.html.erb within layouts/application
  Rendered collection of /home/mateus/.rbenv/versions/2.4.2/lib/ruby/gems/2.4.0/gems/actionpack-5.2.3/lib/action_dispatch/middleware/templates/routes/_route.html.erb [11 times] (6.0ms)
  Rendered /home/mateus/.rbenv/versions/2.4.2/lib/ruby/gems/2.4.0/gems/actionpack-5.2.3/lib/action_dispatch/middleware/templates/routes/_table.html.erb (7.3ms)
  Rendered /home/mateus/.rbenv/versions/2.4.2/lib/ruby/gems/2.4.0/gems/railties-5.2.3/lib/rails/templates/rails/info/routes.html.erb within layouts/application (19.1ms)
Completed 200 OK in 34ms (Views: 30.3ms | ActiveRecord: 0.0ms)


Started GET "/favicon.ico" for ::1 at 2019-06-20 11:23:30 -0300
  
ActionController::RoutingError (No route matches [GET] "/favicon.ico"):
  
actionpack (5.2.3) lib/action_dispatch/middleware/debug_exceptions.rb:65:in `call'
actionpack (5.2.3) lib/action_dispatch/middleware/show_exceptions.rb:33:in `call'
railties (5.2.3) lib/rails/rack/logger.rb:38:in `call_app'
railties (5.2.3) lib/rails/rack/logger.rb:26:in `block in call'
activesupport (5.2.3) lib/active_support/tagged_logging.rb:71:in `block in tagged'
activesupport (5.2.3) lib/active_support/tagged_logging.rb:28:in `tagged'
activesupport (5.2.3) lib/active_support/tagged_logging.rb:71:in `tagged'
railties (5.2.3) lib/rails/rack/logger.rb:26:in `call'
actionpack (5.2.3) lib/action_dispatch/middleware/remote_ip.rb:81:in `call'
actionpack (5.2.3) lib/action_dispatch/middleware/request_id.rb:27:in `call'
rack (2.0.7) lib/rack/runtime.rb:22:in `call'
activesupport (5.2.3) lib/active_support/cache/strategy/local_cache_middleware.rb:29:in `call'
actionpack (5.2.3) lib/action_dispatch/middleware/executor.rb:14:in `call'
actionpack (5.2.3) lib/action_dispatch/middleware/static.rb:127:in `call'
rack (2.0.7) lib/rack/sendfile.rb:111:in `call'
railties (5.2.3) lib/rails/engine.rb:524:in `call'
puma (3.12.1) lib/puma/configuration.rb:227:in `call'
puma (3.12.1) lib/puma/server.rb:660:in `handle_request'
puma (3.12.1) lib/puma/server.rb:474:in `process_client'
puma (3.12.1) lib/puma/server.rb:334:in `block in run'
puma (3.12.1) lib/puma/thread_pool.rb:135:in `block in spawn_thread'
Started GET "/favicon.ico" for ::1 at 2019-06-20 11:24:57 -0300
  
ActionController::RoutingError (No route matches [GET] "/favicon.ico"):
  
actionpack (5.2.3) lib/action_dispatch/middleware/debug_exceptions.rb:65:in `call'
actionpack (5.2.3) lib/action_dispatch/middleware/show_exceptions.rb:33:in `call'
railties (5.2.3) lib/rails/rack/logger.rb:38:in `call_app'
railties (5.2.3) lib/rails/rack/logger.rb:26:in `block in call'
activesupport (5.2.3) lib/active_support/tagged_logging.rb:71:in `block in tagged'
activesupport (5.2.3) lib/active_support/tagged_logging.rb:28:in `tagged'
activesupport (5.2.3) lib/active_support/tagged_logging.rb:71:in `tagged'
railties (5.2.3) lib/rails/rack/logger.rb:26:in `call'
actionpack (5.2.3) lib/action_dispatch/middleware/remote_ip.rb:81:in `call'
actionpack (5.2.3) lib/action_dispatch/middleware/request_id.rb:27:in `call'
rack (2.0.7) lib/rack/runtime.rb:22:in `call'
activesupport (5.2.3) lib/active_support/cache/strategy/local_cache_middleware.rb:29:in `call'
actionpack (5.2.3) lib/action_dispatch/middleware/executor.rb:14:in `call'
actionpack (5.2.3) lib/action_dispatch/middleware/static.rb:127:in `call'
rack (2.0.7) lib/rack/sendfile.rb:111:in `call'
railties (5.2.3) lib/rails/engine.rb:524:in `call'
puma (3.12.1) lib/puma/configuration.rb:227:in `call'
puma (3.12.1) lib/puma/server.rb:660:in `handle_request'
puma (3.12.1) lib/puma/server.rb:474:in `process_client'
puma (3.12.1) lib/puma/server.rb:334:in `block in run'
puma (3.12.1) lib/puma/thread_pool.rb:135:in `block in spawn_thread'
Started OPTIONS "/api/v1/users" for ::1 at 2019-06-20 11:25:15 -0300
  
ActionController::RoutingError (No route matches [OPTIONS] "/api/v1/users"):
  
actionpack (5.2.3) lib/action_dispatch/middleware/debug_exceptions.rb:65:in `call'
actionpack (5.2.3) lib/action_dispatch/middleware/show_exceptions.rb:33:in `call'
railties (5.2.3) lib/rails/rack/logger.rb:38:in `call_app'
railties (5.2.3) lib/rails/rack/logger.rb:26:in `block in call'
activesupport (5.2.3) lib/active_support/tagged_logging.rb:71:in `block in tagged'
activesupport (5.2.3) lib/active_support/tagged_logging.rb:28:in `tagged'
activesupport (5.2.3) lib/active_support/tagged_logging.rb:71:in `tagged'
railties (5.2.3) lib/rails/rack/logger.rb:26:in `call'
actionpack (5.2.3) lib/action_dispatch/middleware/remote_ip.rb:81:in `call'
actionpack (5.2.3) lib/action_dispatch/middleware/request_id.rb:27:in `call'
rack (2.0.7) lib/rack/runtime.rb:22:in `call'
activesupport (5.2.3) lib/active_support/cache/strategy/local_cache_middleware.rb:29:in `call'
actionpack (5.2.3) lib/action_dispatch/middleware/executor.rb:14:in `call'
actionpack (5.2.3) lib/action_dispatch/middleware/static.rb:127:in `call'
rack (2.0.7) lib/rack/sendfile.rb:111:in `call'
railties (5.2.3) lib/rails/engine.rb:524:in `call'
puma (3.12.1) lib/puma/configuration.rb:227:in `call'
puma (3.12.1) lib/puma/server.rb:660:in `handle_request'
puma (3.12.1) lib/puma/server.rb:474:in `process_client'
puma (3.12.1) lib/puma/server.rb:334:in `block in run'
puma (3.12.1) lib/puma/thread_pool.rb:135:in `block in spawn_thread'
Started OPTIONS "/api/v1/users" for ::1 at 2019-06-20 11:25:17 -0300
  
ActionController::RoutingError (No route matches [OPTIONS] "/api/v1/users"):
  
actionpack (5.2.3) lib/action_dispatch/middleware/debug_exceptions.rb:65:in `call'
actionpack (5.2.3) lib/action_dispatch/middleware/show_exceptions.rb:33:in `call'
railties (5.2.3) lib/rails/rack/logger.rb:38:in `call_app'
railties (5.2.3) lib/rails/rack/logger.rb:26:in `block in call'
activesupport (5.2.3) lib/active_support/tagged_logging.rb:71:in `block in tagged'
activesupport (5.2.3) lib/active_support/tagged_logging.rb:28:in `tagged'
activesupport (5.2.3) lib/active_support/tagged_logging.rb:71:in `tagged'
railties (5.2.3) lib/rails/rack/logger.rb:26:in `call'
actionpack (5.2.3) lib/action_dispatch/middleware/remote_ip.rb:81:in `call'
actionpack (5.2.3) lib/action_dispatch/middleware/request_id.rb:27:in `call'
rack (2.0.7) lib/rack/runtime.rb:22:in `call'
activesupport (5.2.3) lib/active_support/cache/strategy/local_cache_middleware.rb:29:in `call'
actionpack (5.2.3) lib/action_dispatch/middleware/executor.rb:14:in `call'
actionpack (5.2.3) lib/action_dispatch/middleware/static.rb:127:in `call'
rack (2.0.7) lib/rack/sendfile.rb:111:in `call'
railties (5.2.3) lib/rails/engine.rb:524:in `call'
puma (3.12.1) lib/puma/configuration.rb:227:in `call'
puma (3.12.1) lib/puma/server.rb:660:in `handle_request'
puma (3.12.1) lib/puma/server.rb:474:in `process_client'
puma (3.12.1) lib/puma/server.rb:334:in `block in run'
puma (3.12.1) lib/puma/thread_pool.rb:135:in `block in spawn_thread'
Started OPTIONS "/api/v1/users" for ::1 at 2019-06-20 11:25:17 -0300
  
ActionController::RoutingError (No route matches [OPTIONS] "/api/v1/users"):
  
actionpack (5.2.3) lib/action_dispatch/middleware/debug_exceptions.rb:65:in `call'
actionpack (5.2.3) lib/action_dispatch/middleware/show_exceptions.rb:33:in `call'
railties (5.2.3) lib/rails/rack/logger.rb:38:in `call_app'
railties (5.2.3) lib/rails/rack/logger.rb:26:in `block in call'
activesupport (5.2.3) lib/active_support/tagged_logging.rb:71:in `block in tagged'
activesupport (5.2.3) lib/active_support/tagged_logging.rb:28:in `tagged'
activesupport (5.2.3) lib/active_support/tagged_logging.rb:71:in `tagged'
railties (5.2.3) lib/rails/rack/logger.rb:26:in `call'
actionpack (5.2.3) lib/action_dispatch/middleware/remote_ip.rb:81:in `call'
actionpack (5.2.3) lib/action_dispatch/middleware/request_id.rb:27:in `call'
rack (2.0.7) lib/rack/runtime.rb:22:in `call'
activesupport (5.2.3) lib/active_support/cache/strategy/local_cache_middleware.rb:29:in `call'
actionpack (5.2.3) lib/action_dispatch/middleware/executor.rb:14:in `call'
actionpack (5.2.3) lib/action_dispatch/middleware/static.rb:127:in `call'
rack (2.0.7) lib/rack/sendfile.rb:111:in `call'
railties (5.2.3) lib/rails/engine.rb:524:in `call'
puma (3.12.1) lib/puma/configuration.rb:227:in `call'
puma (3.12.1) lib/puma/server.rb:660:in `handle_request'
puma (3.12.1) lib/puma/server.rb:474:in `process_client'
puma (3.12.1) lib/puma/server.rb:334:in `block in run'
puma (3.12.1) lib/puma/thread_pool.rb:135:in `block in spawn_thread'
Started OPTIONS "/api/v1/users" for ::1 at 2019-06-20 11:25:17 -0300
  
ActionController::RoutingError (No route matches [OPTIONS] "/api/v1/users"):
  
actionpack (5.2.3) lib/action_dispatch/middleware/debug_exceptions.rb:65:in `call'
actionpack (5.2.3) lib/action_dispatch/middleware/show_exceptions.rb:33:in `call'
railties (5.2.3) lib/rails/rack/logger.rb:38:in `call_app'
railties (5.2.3) lib/rails/rack/logger.rb:26:in `block in call'
activesupport (5.2.3) lib/active_support/tagged_logging.rb:71:in `block in tagged'
activesupport (5.2.3) lib/active_support/tagged_logging.rb:28:in `tagged'
activesupport (5.2.3) lib/active_support/tagged_logging.rb:71:in `tagged'
railties (5.2.3) lib/rails/rack/logger.rb:26:in `call'
actionpack (5.2.3) lib/action_dispatch/middleware/remote_ip.rb:81:in `call'
actionpack (5.2.3) lib/action_dispatch/middleware/request_id.rb:27:in `call'
rack (2.0.7) lib/rack/runtime.rb:22:in `call'
activesupport (5.2.3) lib/active_support/cache/strategy/local_cache_middleware.rb:29:in `call'
actionpack (5.2.3) lib/action_dispatch/middleware/executor.rb:14:in `call'
actionpack (5.2.3) lib/action_dispatch/middleware/static.rb:127:in `call'
rack (2.0.7) lib/rack/sendfile.rb:111:in `call'
railties (5.2.3) lib/rails/engine.rb:524:in `call'
puma (3.12.1) lib/puma/configuration.rb:227:in `call'
puma (3.12.1) lib/puma/server.rb:660:in `handle_request'
puma (3.12.1) lib/puma/server.rb:474:in `process_client'
puma (3.12.1) lib/puma/server.rb:334:in `block in run'
puma (3.12.1) lib/puma/thread_pool.rb:135:in `block in spawn_thread'
Started OPTIONS "/api/v1/users" for ::1 at 2019-06-20 11:25:17 -0300
  
ActionController::RoutingError (No route matches [OPTIONS] "/api/v1/users"):
  
actionpack (5.2.3) lib/action_dispatch/middleware/debug_exceptions.rb:65:in `call'
actionpack (5.2.3) lib/action_dispatch/middleware/show_exceptions.rb:33:in `call'
railties (5.2.3) lib/rails/rack/logger.rb:38:in `call_app'
railties (5.2.3) lib/rails/rack/logger.rb:26:in `block in call'
activesupport (5.2.3) lib/active_support/tagged_logging.rb:71:in `block in tagged'
activesupport (5.2.3) lib/active_support/tagged_logging.rb:28:in `tagged'
activesupport (5.2.3) lib/active_support/tagged_logging.rb:71:in `tagged'
railties (5.2.3) lib/rails/rack/logger.rb:26:in `call'
actionpack (5.2.3) lib/action_dispatch/middleware/remote_ip.rb:81:in `call'
actionpack (5.2.3) lib/action_dispatch/middleware/request_id.rb:27:in `call'
rack (2.0.7) lib/rack/runtime.rb:22:in `call'
activesupport (5.2.3) lib/active_support/cache/strategy/local_cache_middleware.rb:29:in `call'
actionpack (5.2.3) lib/action_dispatch/middleware/executor.rb:14:in `call'
actionpack (5.2.3) lib/action_dispatch/middleware/static.rb:127:in `call'
rack (2.0.7) lib/rack/sendfile.rb:111:in `call'
railties (5.2.3) lib/rails/engine.rb:524:in `call'
puma (3.12.1) lib/puma/configuration.rb:227:in `call'
puma (3.12.1) lib/puma/server.rb:660:in `handle_request'
puma (3.12.1) lib/puma/server.rb:474:in `process_client'
puma (3.12.1) lib/puma/server.rb:334:in `block in run'
puma (3.12.1) lib/puma/thread_pool.rb:135:in `block in spawn_thread'
Started POST "/api/v1/users" for ::1 at 2019-06-20 11:27:49 -0300
  [1m[35m (0.4ms)[0m  [1m[34mSELECT "schema_migrations"."version" FROM "schema_migrations" ORDER BY "schema_migrations"."version" ASC[0m
  ↳ /home/mateus/.rbenv/versions/2.4.2/lib/ruby/gems/2.4.0/gems/activerecord-5.2.3/lib/active_record/log_subscriber.rb:98
Processing by Api::V1::UsersController#create as JSON
  Parameters: {"name"=>"das", "email"=>"das", "address"=>"dsa", "number"=>"das", "apt"=>"dsa", "neighborhood"=>"asd", "telephone"=>"sad", "cell_phone"=>"das", "name_birthday"=>"dsa", "number_childrem"=>"da", "number_adult"=>"das", "hour_start"=>"dsa", "hour_end"=>"dsa", "date"=>"das", "day_week"=>"ds"}
Unpermitted parameter: :format
  [1m[35m (0.2ms)[0m  [1m[35mBEGIN[0m
  ↳ app/controllers/api/v1/users_controller.rb:5
  [1m[36mUser Create (2.2ms)[0m  [1m[32mINSERT INTO "users" ("name", "email", "address", "number", "apt", "neighborhood", "telephone", "cell_phone", "name_birthday", "number_childrem", "number_adult", "day_week", "created_at", "updated_at") VALUES ($1, $2, $3, $4, $5, $6, $7, $8, $9, $10, $11, $12, $13, $14) RETURNING "id"[0m  [["name", "das"], ["email", "das"], ["address", "dsa"], ["number", 0], ["apt", "dsa"], ["neighborhood", "asd"], ["telephone", "sad"], ["cell_phone", "das"], ["name_birthday", "dsa"], ["number_childrem", 0], ["number_adult", 0], ["day_week", "ds"], ["created_at", "2019-06-20 14:27:49.908391"], ["updated_at", "2019-06-20 14:27:49.908391"]]
  ↳ app/controllers/api/v1/users_controller.rb:5
  [1m[35m (0.3ms)[0m  [1m[35mCOMMIT[0m
  ↳ app/controllers/api/v1/users_controller.rb:5
Completed 200 OK in 27ms (Views: 0.4ms | ActiveRecord: 6.9ms)


  [1m[35m (0.2ms)[0m  [1m[34mSELECT pg_try_advisory_lock(3550744802028369960)[0m
  ↳ bin/rails:9
  [1m[35m (0.4ms)[0m  [1m[34mSELECT "schema_migrations"."version" FROM "schema_migrations" ORDER BY "schema_migrations"."version" ASC[0m
  ↳ bin/rails:9
Migrating to CreateProducts (20190620160731)
  [1m[35m (0.1ms)[0m  [1m[35mBEGIN[0m
  ↳ bin/rails:9
  [1m[35m (21.5ms)[0m  [1m[35mCREATE TABLE "products" ("id" bigserial primary key, "name" character varying, "amount" float, "value_product" integer, "value_unit" float, "value_smash" float, "created_at" timestamp NOT NULL, "updated_at" timestamp NOT NULL)[0m
  ↳ db/migrate/20190620160731_create_products.rb:3
  [1m[36mActiveRecord::SchemaMigration Create (0.8ms)[0m  [1m[32mINSERT INTO "schema_migrations" ("version") VALUES ($1) RETURNING "version"[0m  [["version", "20190620160731"]]
  ↳ bin/rails:9
  [1m[35m (1.3ms)[0m  [1m[35mCOMMIT[0m
  ↳ bin/rails:9
  [1m[36mActiveRecord::InternalMetadata Load (1.8ms)[0m  [1m[34mSELECT  "ar_internal_metadata".* FROM "ar_internal_metadata" WHERE "ar_internal_metadata"."key" = $1 LIMIT $2[0m  [["key", "environment"], ["LIMIT", 1]]
  ↳ bin/rails:9
  [1m[35m (0.5ms)[0m  [1m[35mBEGIN[0m
  ↳ bin/rails:9
  [1m[35m (0.4ms)[0m  [1m[35mCOMMIT[0m
  ↳ bin/rails:9
  [1m[35m (0.5ms)[0m  [1m[34mSELECT pg_advisory_unlock(3550744802028369960)[0m
  ↳ bin/rails:9
  [1m[35m (0.6ms)[0m  [1m[34mSELECT "schema_migrations"."version" FROM "schema_migrations" ORDER BY "schema_migrations"."version" ASC[0m
  ↳ bin/rails:9
  [1m[35m (0.4ms)[0m  [1m[34mSELECT "schema_migrations"."version" FROM "schema_migrations" ORDER BY "schema_migrations"."version" ASC[0m
  ↳ bin/rails:9
  [1m[35m (0.2ms)[0m  [1m[34mSELECT "ar_internal_metadata"."value" FROM "ar_internal_metadata" WHERE "ar_internal_metadata"."key" = $1[0m  [["key", "environment"]]
  ↳ bin/rails:9
  [1m[35m (0.2ms)[0m  [1m[34mSELECT "schema_migrations"."version" FROM "schema_migrations" ORDER BY "schema_migrations"."version" ASC[0m
  ↳ bin/rails:9
  [1m[35m (0.2ms)[0m  [1m[34mSELECT "ar_internal_metadata"."value" FROM "ar_internal_metadata" WHERE "ar_internal_metadata"."key" = $1[0m  [["key", "environment"]]
  ↳ bin/rails:9
  [1m[35m (0.2ms)[0m  [1m[34mSELECT "schema_migrations"."version" FROM "schema_migrations" ORDER BY "schema_migrations"."version" ASC[0m
  ↳ bin/rails:9
  [1m[35m (0.2ms)[0m  [1m[34mSELECT "ar_internal_metadata"."value" FROM "ar_internal_metadata" WHERE "ar_internal_metadata"."key" = $1[0m  [["key", "environment"]]
  ↳ bin/rails:9
  [1m[35m (118.6ms)[0m  [1m[35mDROP DATABASE IF EXISTS "festa-backend_development"[0m
  ↳ bin/rails:9
  [1m[35m (115.8ms)[0m  [1m[35mDROP DATABASE IF EXISTS "festa-backend_test"[0m
  ↳ bin/rails:9
  [1m[35m (475.5ms)[0m  [1m[35mCREATE DATABASE "festa-backend_development" ENCODING = 'unicode'[0m
  ↳ bin/rails:9
  [1m[35m (386.9ms)[0m  [1m[35mCREATE DATABASE "festa-backend_test" ENCODING = 'unicode'[0m
  ↳ bin/rails:9
  [1m[35m (5.2ms)[0m  [1m[35mCREATE TABLE "schema_migrations" ("version" character varying NOT NULL PRIMARY KEY)[0m
  ↳ bin/rails:9
  [1m[35m (3.6ms)[0m  [1m[35mCREATE TABLE "ar_internal_metadata" ("key" character varying NOT NULL PRIMARY KEY, "value" character varying, "created_at" timestamp NOT NULL, "updated_at" timestamp NOT NULL)[0m
  ↳ bin/rails:9
  [1m[35m (0.2ms)[0m  [1m[34mSELECT pg_try_advisory_lock(3550744802028369960)[0m
  ↳ bin/rails:9
  [1m[35m (0.6ms)[0m  [1m[34mSELECT "schema_migrations"."version" FROM "schema_migrations" ORDER BY "schema_migrations"."version" ASC[0m
  ↳ bin/rails:9
Migrating to CreateUsers (20190608154248)
  [1m[35m (0.2ms)[0m  [1m[35mBEGIN[0m
  ↳ bin/rails:9
  [1m[35m (4.2ms)[0m  [1m[35mCREATE TABLE "users" ("id" bigserial primary key, "name" character varying, "email" character varying, "address" character varying, "number" integer, "apt" character varying, "neighborhood" character varying, "telephone" character varying, "cell_phone" character varying, "name_birthday" character varying, "number_childrem" integer, "number_adult" integer, "hour_start" time, "hour_end" time, "date" date, "day_week" character varying, "created_at" timestamp NOT NULL, "updated_at" timestamp NOT NULL)[0m
  ↳ db/migrate/20190608154248_create_users.rb:3
  [1m[36mActiveRecord::SchemaMigration Create (0.4ms)[0m  [1m[32mINSERT INTO "schema_migrations" ("version") VALUES ($1) RETURNING "version"[0m  [["version", "20190608154248"]]
  ↳ bin/rails:9
  [1m[35m (0.6ms)[0m  [1m[35mCOMMIT[0m
  ↳ bin/rails:9
Migrating to CreateProducts (20190620160731)
  [1m[35m (0.2ms)[0m  [1m[35mBEGIN[0m
  ↳ bin/rails:9
  [1m[35m (3.6ms)[0m  [1m[35mCREATE TABLE "products" ("id" bigserial primary key, "name" character varying, "amount" integer, "value_product" float, "value_unit" float, "value_smash" float, "created_at" timestamp NOT NULL, "updated_at" timestamp NOT NULL)[0m
  ↳ db/migrate/20190620160731_create_products.rb:3
  [1m[36mActiveRecord::SchemaMigration Create (0.3ms)[0m  [1m[32mINSERT INTO "schema_migrations" ("version") VALUES ($1) RETURNING "version"[0m  [["version", "20190620160731"]]
  ↳ bin/rails:9
  [1m[35m (0.4ms)[0m  [1m[35mCOMMIT[0m
  ↳ bin/rails:9
  [1m[36mActiveRecord::InternalMetadata Load (0.2ms)[0m  [1m[34mSELECT  "ar_internal_metadata".* FROM "ar_internal_metadata" WHERE "ar_internal_metadata"."key" = $1 LIMIT $2[0m  [["key", "environment"], ["LIMIT", 1]]
  ↳ bin/rails:9
  [1m[35m (0.1ms)[0m  [1m[35mBEGIN[0m
  ↳ bin/rails:9
  [1m[36mActiveRecord::InternalMetadata Create (0.3ms)[0m  [1m[32mINSERT INTO "ar_internal_metadata" ("key", "value", "created_at", "updated_at") VALUES ($1, $2, $3, $4) RETURNING "key"[0m  [["key", "environment"], ["value", "development"], ["created_at", "2019-06-20 16:09:40.536186"], ["updated_at", "2019-06-20 16:09:40.536186"]]
  ↳ bin/rails:9
  [1m[35m (0.2ms)[0m  [1m[35mCOMMIT[0m
  ↳ bin/rails:9
  [1m[35m (0.1ms)[0m  [1m[34mSELECT pg_advisory_unlock(3550744802028369960)[0m
  ↳ bin/rails:9
  [1m[35m (0.2ms)[0m  [1m[34mSELECT "schema_migrations"."version" FROM "schema_migrations" ORDER BY "schema_migrations"."version" ASC[0m
  ↳ bin/rails:9
Started POST "/api/v1/products" for ::1 at 2019-06-20 14:41:45 -0300
  [1m[35m (0.4ms)[0m  [1m[34mSELECT "schema_migrations"."version" FROM "schema_migrations" ORDER BY "schema_migrations"."version" ASC[0m
  ↳ /home/mateus/.rbenv/versions/2.4.2/lib/ruby/gems/2.4.0/gems/activerecord-5.2.3/lib/active_record/log_subscriber.rb:98
  
ActionController::RoutingError (No route matches [POST] "/api/v1/products"):
  
actionpack (5.2.3) lib/action_dispatch/middleware/debug_exceptions.rb:65:in `call'
actionpack (5.2.3) lib/action_dispatch/middleware/show_exceptions.rb:33:in `call'
railties (5.2.3) lib/rails/rack/logger.rb:38:in `call_app'
railties (5.2.3) lib/rails/rack/logger.rb:26:in `block in call'
activesupport (5.2.3) lib/active_support/tagged_logging.rb:71:in `block in tagged'
activesupport (5.2.3) lib/active_support/tagged_logging.rb:28:in `tagged'
activesupport (5.2.3) lib/active_support/tagged_logging.rb:71:in `tagged'
railties (5.2.3) lib/rails/rack/logger.rb:26:in `call'
actionpack (5.2.3) lib/action_dispatch/middleware/remote_ip.rb:81:in `call'
actionpack (5.2.3) lib/action_dispatch/middleware/request_id.rb:27:in `call'
rack (2.0.7) lib/rack/runtime.rb:22:in `call'
activesupport (5.2.3) lib/active_support/cache/strategy/local_cache_middleware.rb:29:in `call'
actionpack (5.2.3) lib/action_dispatch/middleware/executor.rb:14:in `call'
actionpack (5.2.3) lib/action_dispatch/middleware/static.rb:127:in `call'
rack (2.0.7) lib/rack/sendfile.rb:111:in `call'
rack-cors (1.0.3) lib/rack/cors.rb:95:in `call'
railties (5.2.3) lib/rails/engine.rb:524:in `call'
puma (3.12.1) lib/puma/configuration.rb:227:in `call'
puma (3.12.1) lib/puma/server.rb:660:in `handle_request'
puma (3.12.1) lib/puma/server.rb:474:in `process_client'
puma (3.12.1) lib/puma/server.rb:334:in `block in run'
puma (3.12.1) lib/puma/thread_pool.rb:135:in `block in spawn_thread'
Started POST "/api/v1/products" for ::1 at 2019-06-20 14:44:00 -0300
Processing by Api::V1::ProductsController#create as JSON
  Parameters: {"name"=>"dsdsa", "amount"=>"2", "value_unit"=>"2,50", "value_smash"=>"2"}
Unpermitted parameter: :format
  [1m[35m (0.2ms)[0m  [1m[35mBEGIN[0m
  ↳ app/controllers/api/v1/products_controller.rb:5
  [1m[36mProduct Create (0.6ms)[0m  [1m[32mINSERT INTO "products" ("name", "amount", "value_unit", "value_smash", "created_at", "updated_at") VALUES ($1, $2, $3, $4, $5, $6) RETURNING "id"[0m  [["name", "dsdsa"], ["amount", 2], ["value_unit", 2.0], ["value_smash", 2.0], ["created_at", "2019-06-20 17:44:00.945207"], ["updated_at", "2019-06-20 17:44:00.945207"]]
  ↳ app/controllers/api/v1/products_controller.rb:5
  [1m[35m (2.4ms)[0m  [1m[35mCOMMIT[0m
  ↳ app/controllers/api/v1/products_controller.rb:5
Completed 200 OK in 26ms (Views: 0.4ms | ActiveRecord: 7.7ms)


Started GET "/api/v1/users?page=1" for ::1 at 2019-06-20 15:48:40 -0300
Processing by Api::V1::UsersController#index as JSON
  Parameters: {"page"=>"1"}
  [1m[36mUser Load (0.5ms)[0m  [1m[34mSELECT "users".* FROM "users"[0m
  ↳ app/controllers/api/v1/users_controller.rb:14
Completed 200 OK in 6ms (Views: 2.1ms | ActiveRecord: 2.8ms)


Started POST "/api/v1/users" for ::1 at 2019-06-20 15:49:02 -0300
Processing by Api::V1::UsersController#create as JSON
  Parameters: {"name"=>"dsa", "email"=>"dsa", "address"=>"dsa", "number"=>"dsa", "apt"=>"das", "neighborhood"=>"dsa", "telephone"=>"das", "cell_phone"=>"das", "name_birthday"=>"asd", "number_childrem"=>"dsa", "number_adult"=>"ds", "hour_start"=>"dsa", "hour_end"=>"d", "date"=>"dsa", "day_week"=>"ds"}
Unpermitted parameter: :format
  [1m[35m (0.3ms)[0m  [1m[35mBEGIN[0m
  ↳ app/controllers/api/v1/users_controller.rb:5
  [1m[36mUser Create (1.1ms)[0m  [1m[32mINSERT INTO "users" ("name", "email", "address", "number", "apt", "neighborhood", "telephone", "cell_phone", "name_birthday", "number_childrem", "number_adult", "day_week", "created_at", "updated_at") VALUES ($1, $2, $3, $4, $5, $6, $7, $8, $9, $10, $11, $12, $13, $14) RETURNING "id"[0m  [["name", "dsa"], ["email", "dsa"], ["address", "dsa"], ["number", 0], ["apt", "das"], ["neighborhood", "dsa"], ["telephone", "das"], ["cell_phone", "das"], ["name_birthday", "asd"], ["number_childrem", 0], ["number_adult", 0], ["day_week", "ds"], ["created_at", "2019-06-20 18:49:02.171325"], ["updated_at", "2019-06-20 18:49:02.171325"]]
  ↳ app/controllers/api/v1/users_controller.rb:5
  [1m[35m (2.3ms)[0m  [1m[35mCOMMIT[0m
  ↳ app/controllers/api/v1/users_controller.rb:5
Completed 200 OK in 33ms (Views: 0.8ms | ActiveRecord: 7.3ms)


Started GET "/api/v1/users?page=1" for ::1 at 2019-06-20 15:49:02 -0300
Processing by Api::V1::UsersController#index as JSON
  Parameters: {"page"=>"1"}
  [1m[36mUser Load (0.2ms)[0m  [1m[34mSELECT "users".* FROM "users"[0m
  ↳ app/controllers/api/v1/users_controller.rb:14
Completed 200 OK in 2ms (Views: 1.2ms | ActiveRecord: 0.2ms)


Started GET "/api/v1/users?page=1" for ::1 at 2019-06-20 15:49:09 -0300
Processing by Api::V1::UsersController#index as JSON
  Parameters: {"page"=>"1"}
  [1m[36mUser Load (0.5ms)[0m  [1m[34mSELECT "users".* FROM "users"[0m
  ↳ app/controllers/api/v1/users_controller.rb:14
Completed 200 OK in 3ms (Views: 1.7ms | ActiveRecord: 0.5ms)


Started GET "/api/v1/users" for ::1 at 2019-06-20 15:49:24 -0300
Processing by Api::V1::UsersController#index as JSON
  [1m[36mUser Load (1.1ms)[0m  [1m[34mSELECT "users".* FROM "users"[0m
  ↳ app/controllers/api/v1/users_controller.rb:14
Completed 200 OK in 3ms (Views: 1.7ms | ActiveRecord: 1.1ms)


Started GET "/api/v1/users?page=1" for ::1 at 2019-06-20 15:49:56 -0300
Processing by Api::V1::UsersController#index as JSON
  Parameters: {"page"=>"1"}
  [1m[36mUser Load (0.3ms)[0m  [1m[34mSELECT "users".* FROM "users"[0m
  ↳ app/controllers/api/v1/users_controller.rb:14
Completed 200 OK in 1ms (Views: 0.9ms | ActiveRecord: 0.3ms)


Started GET "/api/v1/users?page=1" for ::1 at 2019-06-20 15:51:00 -0300
Processing by Api::V1::UsersController#index as JSON
  Parameters: {"page"=>"1"}
  [1m[36mUser Load (0.3ms)[0m  [1m[34mSELECT "users".* FROM "users"[0m
  ↳ app/controllers/api/v1/users_controller.rb:14
Completed 200 OK in 2ms (Views: 1.7ms | ActiveRecord: 0.3ms)


Started GET "/api/v1/users?page=1" for ::1 at 2019-06-20 15:52:08 -0300
Processing by Api::V1::UsersController#index as JSON
  Parameters: {"page"=>"1"}
  [1m[36mUser Load (0.4ms)[0m  [1m[34mSELECT "users".* FROM "users"[0m
  ↳ app/controllers/api/v1/users_controller.rb:14
Completed 200 OK in 2ms (Views: 1.5ms | ActiveRecord: 0.4ms)


Started GET "/api/v1/users?page=1" for ::1 at 2019-06-20 15:53:59 -0300
Processing by Api::V1::UsersController#index as JSON
  Parameters: {"page"=>"1"}
  [1m[36mUser Load (0.3ms)[0m  [1m[34mSELECT "users".* FROM "users"[0m
  ↳ app/controllers/api/v1/users_controller.rb:14
Completed 200 OK in 1ms (Views: 1.0ms | ActiveRecord: 0.3ms)


Started POST "/api/v1/users" for ::1 at 2019-06-20 15:54:59 -0300
Processing by Api::V1::UsersController#create as JSON
  Parameters: {"name"=>"Mateus Fulgencio ", "email"=>"mateusfulgencio28@gmail.com", "address"=>"Rua pouso alegre ", "number"=>"2486", "apt"=>"102", "neighborhood"=>"Saudade", "telephone"=>"31313131313", "cell_phone"=>"3131313131", "name_birthday"=>"Ana Clara ", "number_childrem"=>"5", "number_adult"=>"1-12", "hour_start"=>"10", "hour_end"=>"12121", "date"=>"22/03/2020", "day_week"=>"Sexta"}
Unpermitted parameter: :format
  [1m[35m (0.4ms)[0m  [1m[35mBEGIN[0m
  ↳ app/controllers/api/v1/users_controller.rb:5
  [1m[36mUser Create (1.0ms)[0m  [1m[32mINSERT INTO "users" ("name", "email", "address", "number", "apt", "neighborhood", "telephone", "cell_phone", "name_birthday", "number_childrem", "number_adult", "hour_start", "date", "day_week", "created_at", "updated_at") VALUES ($1, $2, $3, $4, $5, $6, $7, $8, $9, $10, $11, $12, $13, $14, $15, $16) RETURNING "id"[0m  [["name", "Mateus Fulgencio "], ["email", "mateusfulgencio28@gmail.com"], ["address", "Rua pouso alegre "], ["number", 2486], ["apt", "102"], ["neighborhood", "Saudade"], ["telephone", "31313131313"], ["cell_phone", "3131313131"], ["name_birthday", "Ana Clara "], ["number_childrem", 5], ["number_adult", 1], ["hour_start", "10:00:00"], ["date", "2020-03-22"], ["day_week", "Sexta"], ["created_at", "2019-06-20 18:54:59.110166"], ["updated_at", "2019-06-20 18:54:59.110166"]]
  ↳ app/controllers/api/v1/users_controller.rb:5
  [1m[35m (3.0ms)[0m  [1m[35mCOMMIT[0m
  ↳ app/controllers/api/v1/users_controller.rb:5
Completed 200 OK in 14ms (Views: 1.4ms | ActiveRecord: 4.4ms)


Started GET "/api/v1/users?page=1" for ::1 at 2019-06-20 15:54:59 -0300
Processing by Api::V1::UsersController#index as JSON
  Parameters: {"page"=>"1"}
  [1m[36mUser Load (0.2ms)[0m  [1m[34mSELECT "users".* FROM "users"[0m
  ↳ app/controllers/api/v1/users_controller.rb:14
Completed 200 OK in 2ms (Views: 1.2ms | ActiveRecord: 0.2ms)


Started GET "/api/v1/products" for ::1 at 2019-06-20 16:07:42 -0300
Processing by Api::V1::ProductsController#index as JSON
  [1m[36mProduct Load (0.5ms)[0m  [1m[34mSELECT "products".* FROM "products"[0m
  ↳ app/controllers/api/v1/products_controller.rb:14
Completed 200 OK in 2ms (Views: 1.0ms | ActiveRecord: 0.5ms)


Started GET "/api/v1/products" for ::1 at 2019-06-20 16:09:47 -0300
Processing by Api::V1::ProductsController#index as JSON
  [1m[36mProduct Load (0.8ms)[0m  [1m[34mSELECT "products".* FROM "products"[0m
  ↳ app/controllers/api/v1/products_controller.rb:14
Completed 200 OK in 3ms (Views: 1.8ms | ActiveRecord: 0.8ms)


Started GET "/api/v1/products" for ::1 at 2019-06-20 16:09:51 -0300
Processing by Api::V1::ProductsController#index as JSON
  [1m[36mProduct Load (0.2ms)[0m  [1m[34mSELECT "products".* FROM "products"[0m
  ↳ app/controllers/api/v1/products_controller.rb:14
Completed 200 OK in 1ms (Views: 0.7ms | ActiveRecord: 0.2ms)


Started GET "/api/v1/products" for ::1 at 2019-06-20 16:10:33 -0300
Processing by Api::V1::ProductsController#index as JSON
  [1m[36mProduct Load (0.5ms)[0m  [1m[34mSELECT "products".* FROM "products"[0m
  ↳ app/controllers/api/v1/products_controller.rb:14
Completed 200 OK in 2ms (Views: 1.6ms | ActiveRecord: 0.5ms)


Started GET "/api/v1/products" for ::1 at 2019-06-20 16:10:35 -0300
Processing by Api::V1::ProductsController#index as JSON
  [1m[36mProduct Load (0.4ms)[0m  [1m[34mSELECT "products".* FROM "products"[0m
  ↳ app/controllers/api/v1/products_controller.rb:14
Completed 200 OK in 2ms (Views: 1.2ms | ActiveRecord: 0.4ms)


Started GET "/api/v1/users?page=1" for ::1 at 2019-06-20 16:10:42 -0300
Processing by Api::V1::UsersController#index as JSON
  Parameters: {"page"=>"1"}
  [1m[36mUser Load (0.9ms)[0m  [1m[34mSELECT "users".* FROM "users"[0m
  ↳ app/controllers/api/v1/users_controller.rb:14
Completed 200 OK in 4ms (Views: 2.6ms | ActiveRecord: 0.9ms)


Started GET "/api/v1/products" for ::1 at 2019-06-20 16:10:44 -0300
Processing by Api::V1::ProductsController#index as JSON
  [1m[36mProduct Load (0.2ms)[0m  [1m[34mSELECT "products".* FROM "products"[0m
  ↳ app/controllers/api/v1/products_controller.rb:14
Completed 200 OK in 1ms (Views: 0.9ms | ActiveRecord: 0.2ms)


Started GET "/api/v1/products" for ::1 at 2019-06-20 16:12:48 -0300
Processing by Api::V1::ProductsController#index as JSON
  [1m[36mProduct Load (0.2ms)[0m  [1m[34mSELECT "products".* FROM "products"[0m
  ↳ app/controllers/api/v1/products_controller.rb:14
Completed 200 OK in 1ms (Views: 0.8ms | ActiveRecord: 0.2ms)


Started GET "/api/v1/products" for ::1 at 2019-06-20 16:13:56 -0300
Processing by Api::V1::ProductsController#index as JSON
  [1m[36mProduct Load (0.4ms)[0m  [1m[34mSELECT "products".* FROM "products"[0m
  ↳ app/controllers/api/v1/products_controller.rb:14
Completed 200 OK in 2ms (Views: 1.0ms | ActiveRecord: 0.4ms)


Started GET "/api/v1/products" for ::1 at 2019-06-20 16:21:05 -0300
Processing by Api::V1::ProductsController#index as JSON
  [1m[36mProduct Load (0.5ms)[0m  [1m[34mSELECT "products".* FROM "products"[0m
  ↳ app/controllers/api/v1/products_controller.rb:14
Completed 200 OK in 2ms (Views: 1.1ms | ActiveRecord: 0.5ms)


Started GET "/api/v1/users?page=1" for ::1 at 2019-06-20 16:21:09 -0300
Processing by Api::V1::UsersController#index as JSON
  Parameters: {"page"=>"1"}
  [1m[36mUser Load (0.5ms)[0m  [1m[34mSELECT "users".* FROM "users"[0m
  ↳ app/controllers/api/v1/users_controller.rb:14
Completed 200 OK in 2ms (Views: 1.5ms | ActiveRecord: 0.5ms)


Started GET "/api/v1/products" for ::1 at 2019-06-20 16:21:10 -0300
Processing by Api::V1::ProductsController#index as JSON
  [1m[36mProduct Load (0.5ms)[0m  [1m[34mSELECT "products".* FROM "products"[0m
  ↳ app/controllers/api/v1/products_controller.rb:14
Completed 200 OK in 3ms (Views: 2.2ms | ActiveRecord: 0.5ms)


Started GET "/api/v1/users?page=1" for ::1 at 2019-06-20 16:21:21 -0300
Processing by Api::V1::UsersController#index as JSON
  Parameters: {"page"=>"1"}
  [1m[36mUser Load (0.4ms)[0m  [1m[34mSELECT "users".* FROM "users"[0m
  ↳ app/controllers/api/v1/users_controller.rb:14
Completed 200 OK in 3ms (Views: 2.5ms | ActiveRecord: 0.4ms)


Started GET "/api/v1/products" for ::1 at 2019-06-20 16:21:23 -0300
Processing by Api::V1::ProductsController#index as JSON
  [1m[36mProduct Load (0.3ms)[0m  [1m[34mSELECT "products".* FROM "products"[0m
  ↳ app/controllers/api/v1/products_controller.rb:14
Completed 200 OK in 1ms (Views: 1.0ms | ActiveRecord: 0.3ms)


  [1m[35m (0.3ms)[0m  [1m[34mSELECT VERSION()[0m
  ↳ (erb):38
  [1m[35m (0.3ms)[0m  [1m[34mSELECT VERSION()[0m
  ↳ (erb):38
  [1m[35m (0.1ms)[0m  [1m[34mSELECT pg_try_advisory_lock(3550744802028369960)[0m
  ↳ bin/rails:9
  [1m[35m (1.0ms)[0m  [1m[34mSELECT "schema_migrations"."version" FROM "schema_migrations" ORDER BY "schema_migrations"."version" ASC[0m
  ↳ bin/rails:9
Migrating to DeviseTokenAuthCreateAdmins (20190628122906)
  [1m[35m (0.1ms)[0m  [1m[35mBEGIN[0m
  ↳ bin/rails:9
  [1m[35m (16.9ms)[0m  [1m[35mCREATE TABLE "admins" ("id" bigserial primary key, "provider" character varying DEFAULT 'email' NOT NULL, "uid" character varying DEFAULT '' NOT NULL, "encrypted_password" character varying DEFAULT '' NOT NULL, "reset_password_token" character varying, "reset_password_sent_at" timestamp, "allow_password_change" boolean DEFAULT FALSE, "remember_created_at" timestamp, "confirmation_token" character varying, "confirmed_at" timestamp, "confirmation_sent_at" timestamp, "unconfirmed_email" character varying, "name" character varying, "nickname" character varying, "image" character varying, "email" character varying, "tokens" json, "created_at" timestamp NOT NULL, "updated_at" timestamp NOT NULL)[0m
  ↳ db/migrate/20190628122906_devise_token_auth_create_admins.rb:4
  [1m[35m (1.1ms)[0m  [1m[35mCREATE UNIQUE INDEX  "index_admins_on_email" ON "admins"  ("email")[0m
  ↳ db/migrate/20190628122906_devise_token_auth_create_admins.rb:43
  [1m[35m (1.3ms)[0m  [1m[35mCREATE UNIQUE INDEX  "index_admins_on_uid_and_provider" ON "admins"  ("uid", "provider")[0m
  ↳ db/migrate/20190628122906_devise_token_auth_create_admins.rb:44
  [1m[35m (1.1ms)[0m  [1m[35mCREATE UNIQUE INDEX  "index_admins_on_reset_password_token" ON "admins"  ("reset_password_token")[0m
  ↳ db/migrate/20190628122906_devise_token_auth_create_admins.rb:45
  [1m[35m (1.1ms)[0m  [1m[35mCREATE UNIQUE INDEX  "index_admins_on_confirmation_token" ON "admins"  ("confirmation_token")[0m
  ↳ db/migrate/20190628122906_devise_token_auth_create_admins.rb:46
  [1m[36mActiveRecord::SchemaMigration Create (0.2ms)[0m  [1m[32mINSERT INTO "schema_migrations" ("version") VALUES ($1) RETURNING "version"[0m  [["version", "20190628122906"]]
  ↳ bin/rails:9
  [1m[35m (0.6ms)[0m  [1m[35mCOMMIT[0m
  ↳ bin/rails:9
  [1m[36mActiveRecord::InternalMetadata Load (0.8ms)[0m  [1m[34mSELECT  "ar_internal_metadata".* FROM "ar_internal_metadata" WHERE "ar_internal_metadata"."key" = $1 LIMIT $2[0m  [["key", "environment"], ["LIMIT", 1]]
  ↳ bin/rails:9
  [1m[35m (0.2ms)[0m  [1m[35mBEGIN[0m
  ↳ bin/rails:9
  [1m[35m (0.1ms)[0m  [1m[35mCOMMIT[0m
  ↳ bin/rails:9
  [1m[35m (0.2ms)[0m  [1m[34mSELECT pg_advisory_unlock(3550744802028369960)[0m
  ↳ bin/rails:9
  [1m[35m (0.2ms)[0m  [1m[34mSELECT "schema_migrations"."version" FROM "schema_migrations" ORDER BY "schema_migrations"."version" ASC[0m
  ↳ bin/rails:9
Started GET "/api/v1/products" for ::1 at 2019-06-29 13:30:33 -0300
  [1m[35m (1.4ms)[0m  [1m[34mSELECT "schema_migrations"."version" FROM "schema_migrations" ORDER BY "schema_migrations"."version" ASC[0m
  ↳ /home/mateus/.rbenv/versions/2.4.2/lib/ruby/gems/2.4.0/gems/activerecord-5.2.3/lib/active_record/log_subscriber.rb:98
Processing by Api::V1::ProductsController#index as JSON
  Parameters: {"title"=>"Noticia dsadsadsadsadsa", "subtitle"=>"Essa é a primeira noticia", "source"=>"22/10/2018", "body"=>"10/10/2017", "interest_publication_attributes"=>{"name"=>"competitividade,sustentabilidade"}}
  [1m[36mAdmin Load (1.4ms)[0m  [1m[34mSELECT  "admins".* FROM "admins" WHERE "admins"."uid" = $1 LIMIT $2[0m  [["uid", "mateuslima@ioasys.com.br"], ["LIMIT", 1]]
  ↳ /home/mateus/.rbenv/versions/2.4.2/lib/ruby/gems/2.4.0/gems/activerecord-5.2.3/lib/active_record/log_subscriber.rb:98
Filter chain halted as :authenticate_api_v1_admin! rendered or redirected
Completed 401 Unauthorized in 36ms (Views: 0.3ms | ActiveRecord: 1.6ms)


Started GET "/api/v1/products" for ::1 at 2019-06-29 13:31:32 -0300
  [1m[35m (1.2ms)[0m  [1m[34mSELECT "schema_migrations"."version" FROM "schema_migrations" ORDER BY "schema_migrations"."version" ASC[0m
  ↳ /home/mateus/.rbenv/versions/2.4.2/lib/ruby/gems/2.4.0/gems/activerecord-5.2.3/lib/active_record/log_subscriber.rb:98
Processing by Api::V1::ProductsController#index as JSON
  Parameters: {"title"=>"Noticia dsadsadsadsadsa", "subtitle"=>"Essa é a primeira noticia", "source"=>"22/10/2018", "body"=>"10/10/2017", "interest_publication_attributes"=>{"name"=>"competitividade,sustentabilidade"}}
  [1m[36mAdmin Load (0.4ms)[0m  [1m[34mSELECT  "admins".* FROM "admins" WHERE "admins"."uid" = $1 LIMIT $2[0m  [["uid", "mateuslima@ioasys.com.br"], ["LIMIT", 1]]
  ↳ /home/mateus/.rbenv/versions/2.4.2/lib/ruby/gems/2.4.0/gems/activerecord-5.2.3/lib/active_record/log_subscriber.rb:98
Filter chain halted as :authenticate_api_v1_admin! rendered or redirected
Completed 401 Unauthorized in 8ms (Views: 0.2ms | ActiveRecord: 0.7ms)


  [1m[35m (0.2ms)[0m  [1m[35mBEGIN[0m
  [1m[36mAdmin Exists (0.7ms)[0m  [1m[34mSELECT  1 AS one FROM "admins" WHERE "admins"."email" = $1 AND "admins"."provider" = $2 LIMIT $3[0m  [["email", "mateuslima@ioasys.com.br"], ["provider", "email"], ["LIMIT", 1]]
  [1m[36mAdmin Create (3.9ms)[0m  [1m[32mINSERT INTO "admins" ("uid", "encrypted_password", "email", "tokens", "created_at", "updated_at") VALUES ($1, $2, $3, $4, $5, $6) RETURNING "id"[0m  [["uid", "mateuslima@ioasys.com.br"], ["encrypted_password", "$2a$11$RbeqDnJ/UGMNRcgbWmhl.e/vQH4wNULzwCjbw2Zv/CLMENJR9ER4S"], ["email", "mateuslima@ioasys.com.br"], ["tokens", "{}"], ["created_at", "2019-06-29 16:33:41.405883"], ["updated_at", "2019-06-29 16:33:41.405883"]]
  [1m[35m (0.3ms)[0m  [1m[35mCOMMIT[0m
Started POST "/api/v1/auth/sign_in" for ::1 at 2019-06-29 13:33:48 -0300
Processing by DeviseTokenAuth::SessionsController#create as JSON
  Parameters: {"email"=>"mateuslima@ioasys.com.br", "password"=>"[FILTERED]"}
Unpermitted parameter: :format
Unpermitted parameter: :format
  [1m[36mAdmin Load (0.6ms)[0m  [1m[34mSELECT  "admins".* FROM "admins" WHERE "admins"."email" = $1 AND "admins"."provider" = $2 LIMIT $3[0m  [["email", "mateuslima@ioasys.com.br"], ["provider", "email"], ["LIMIT", 1]]
  ↳ /home/mateus/.rbenv/versions/2.4.2/lib/ruby/gems/2.4.0/gems/activerecord-5.2.3/lib/active_record/log_subscriber.rb:98
Unpermitted parameter: :format
Unpermitted parameter: :format
  [1m[35m (0.2ms)[0m  [1m[35mBEGIN[0m
  ↳ /home/mateus/.rbenv/versions/2.4.2/lib/ruby/gems/2.4.0/gems/activerecord-5.2.3/lib/active_record/log_subscriber.rb:98
  [1m[36mAdmin Update (0.4ms)[0m  [1m[33mUPDATE "admins" SET "tokens" = $1, "updated_at" = $2 WHERE "admins"."id" = $3[0m  [["tokens", "{\"WH9J0kStCr9FAhkD6bLjcw\":{\"token\":\"$2a$10$sJ7fJO3rL4z1tz0bl4Pj9.9XpwXTALi6/CpMskTdAWQ9qPDdsD/O6\",\"expiry\":1563035629}}"], ["updated_at", "2019-06-29 16:33:49.068611"], ["id", 1]]
  ↳ /home/mateus/.rbenv/versions/2.4.2/lib/ruby/gems/2.4.0/gems/activerecord-5.2.3/lib/active_record/log_subscriber.rb:98
  [1m[35m (1.5ms)[0m  [1m[35mCOMMIT[0m
  ↳ /home/mateus/.rbenv/versions/2.4.2/lib/ruby/gems/2.4.0/gems/activerecord-5.2.3/lib/active_record/log_subscriber.rb:98
Completed 500 Internal Server Error in 232ms (ActiveRecord: 5.9ms)


  
NoMethodError (undefined method `current_sign_in_at' for #<Admin:0x00007f4b982329a0>):
  
activemodel (5.2.3) lib/active_model/attribute_methods.rb:430:in `method_missing'
devise (4.6.2) lib/devise/models/trackable.rb:21:in `update_tracked_fields'
devise (4.6.2) lib/devise/models/trackable.rb:39:in `update_tracked_fields!'
devise (4.6.2) lib/devise/hooks/trackable.rb:9:in `block in <main>'
warden (1.2.8) lib/warden/hooks.rb:15:in `block in _run_callbacks'
warden (1.2.8) lib/warden/hooks.rb:10:in `each'
warden (1.2.8) lib/warden/hooks.rb:10:in `_run_callbacks'
warden (1.2.8) lib/warden/manager.rb:52:in `_run_callbacks'
warden (1.2.8) lib/warden/proxy.rb:191:in `set_user'
devise (4.6.2) lib/devise/controllers/sign_in_out.rb:53:in `sign_in'
devise_token_auth (1.1.0) app/controllers/devise_token_auth/sessions_controller.rb:32:in `create'
actionpack (5.2.3) lib/action_controller/metal/basic_implicit_render.rb:6:in `send_action'
actionpack (5.2.3) lib/abstract_controller/base.rb:194:in `process_action'
actionpack (5.2.3) lib/action_controller/metal/rendering.rb:30:in `process_action'
actionpack (5.2.3) lib/abstract_controller/callbacks.rb:42:in `block in process_action'
activesupport (5.2.3) lib/active_support/callbacks.rb:132:in `run_callbacks'
actionpack (5.2.3) lib/abstract_controller/callbacks.rb:41:in `process_action'
actionpack (5.2.3) lib/action_controller/metal/rescue.rb:22:in `process_action'
actionpack (5.2.3) lib/action_controller/metal/instrumentation.rb:34:in `block in process_action'
activesupport (5.2.3) lib/active_support/notifications.rb:168:in `block in instrument'
activesupport (5.2.3) lib/active_support/notifications/instrumenter.rb:23:in `instrument'
activesupport (5.2.3) lib/active_support/notifications.rb:168:in `instrument'
actionpack (5.2.3) lib/action_controller/metal/instrumentation.rb:32:in `process_action'
actionpack (5.2.3) lib/action_controller/metal/params_wrapper.rb:256:in `process_action'
activerecord (5.2.3) lib/active_record/railties/controller_runtime.rb:24:in `process_action'
actionpack (5.2.3) lib/abstract_controller/base.rb:134:in `process'
actionpack (5.2.3) lib/action_controller/metal.rb:191:in `dispatch'
actionpack (5.2.3) lib/action_controller/metal.rb:252:in `dispatch'
actionpack (5.2.3) lib/action_dispatch/routing/route_set.rb:52:in `dispatch'
actionpack (5.2.3) lib/action_dispatch/routing/route_set.rb:34:in `serve'
actionpack (5.2.3) lib/action_dispatch/routing/mapper.rb:18:in `block in <class:Constraints>'
actionpack (5.2.3) lib/action_dispatch/routing/mapper.rb:48:in `serve'
actionpack (5.2.3) lib/action_dispatch/journey/router.rb:52:in `block in serve'
actionpack (5.2.3) lib/action_dispatch/journey/router.rb:35:in `each'
actionpack (5.2.3) lib/action_dispatch/journey/router.rb:35:in `serve'
actionpack (5.2.3) lib/action_dispatch/routing/route_set.rb:840:in `call'
warden (1.2.8) lib/warden/manager.rb:36:in `block in call'
warden (1.2.8) lib/warden/manager.rb:34:in `catch'
warden (1.2.8) lib/warden/manager.rb:34:in `call'
rack (2.0.7) lib/rack/etag.rb:25:in `call'
rack (2.0.7) lib/rack/conditional_get.rb:38:in `call'
rack (2.0.7) lib/rack/head.rb:12:in `call'
activerecord (5.2.3) lib/active_record/migration.rb:559:in `call'
actionpack (5.2.3) lib/action_dispatch/middleware/callbacks.rb:28:in `block in call'
activesupport (5.2.3) lib/active_support/callbacks.rb:98:in `run_callbacks'
actionpack (5.2.3) lib/action_dispatch/middleware/callbacks.rb:26:in `call'
actionpack (5.2.3) lib/action_dispatch/middleware/executor.rb:14:in `call'
actionpack (5.2.3) lib/action_dispatch/middleware/debug_exceptions.rb:61:in `call'
actionpack (5.2.3) lib/action_dispatch/middleware/show_exceptions.rb:33:in `call'
railties (5.2.3) lib/rails/rack/logger.rb:38:in `call_app'
railties (5.2.3) lib/rails/rack/logger.rb:26:in `block in call'
activesupport (5.2.3) lib/active_support/tagged_logging.rb:71:in `block in tagged'
activesupport (5.2.3) lib/active_support/tagged_logging.rb:28:in `tagged'
activesupport (5.2.3) lib/active_support/tagged_logging.rb:71:in `tagged'
railties (5.2.3) lib/rails/rack/logger.rb:26:in `call'
actionpack (5.2.3) lib/action_dispatch/middleware/remote_ip.rb:81:in `call'
actionpack (5.2.3) lib/action_dispatch/middleware/request_id.rb:27:in `call'
rack (2.0.7) lib/rack/runtime.rb:22:in `call'
activesupport (5.2.3) lib/active_support/cache/strategy/local_cache_middleware.rb:29:in `call'
actionpack (5.2.3) lib/action_dispatch/middleware/executor.rb:14:in `call'
actionpack (5.2.3) lib/action_dispatch/middleware/static.rb:127:in `call'
rack (2.0.7) lib/rack/sendfile.rb:111:in `call'
rack-cors (1.0.3) lib/rack/cors.rb:95:in `call'
railties (5.2.3) lib/rails/engine.rb:524:in `call'
puma (3.12.1) lib/puma/configuration.rb:227:in `call'
puma (3.12.1) lib/puma/server.rb:660:in `handle_request'
puma (3.12.1) lib/puma/server.rb:474:in `process_client'
puma (3.12.1) lib/puma/server.rb:334:in `block in run'
puma (3.12.1) lib/puma/thread_pool.rb:135:in `block in spawn_thread'
  [1m[35m (0.5ms)[0m  [1m[34mSELECT "schema_migrations"."version" FROM "schema_migrations" ORDER BY "schema_migrations"."version" ASC[0m
  ↳ /home/mateus/.rbenv/versions/2.4.2/bin/rake:23
  [1m[35m (0.2ms)[0m  [1m[34mSELECT "schema_migrations"."version" FROM "schema_migrations" ORDER BY "schema_migrations"."version" ASC[0m
  ↳ /home/mateus/.rbenv/versions/2.4.2/bin/rake:23
  [1m[35m (0.1ms)[0m  [1m[34mSELECT pg_try_advisory_lock(3550744802028369960)[0m
  ↳ /home/mateus/.rbenv/versions/2.4.2/bin/rake:23
  [1m[35m (0.2ms)[0m  [1m[34mSELECT "schema_migrations"."version" FROM "schema_migrations" ORDER BY "schema_migrations"."version" ASC[0m
  ↳ /home/mateus/.rbenv/versions/2.4.2/bin/rake:23
  [1m[35m (0.2ms)[0m  [1m[34mSELECT pg_advisory_unlock(3550744802028369960)[0m
  ↳ /home/mateus/.rbenv/versions/2.4.2/bin/rake:23
  [1m[35m (0.2ms)[0m  [1m[34mSELECT pg_try_advisory_lock(3550744802028369960)[0m
  ↳ /home/mateus/.rbenv/versions/2.4.2/bin/rake:23
  [1m[35m (0.5ms)[0m  [1m[34mSELECT "schema_migrations"."version" FROM "schema_migrations" ORDER BY "schema_migrations"."version" ASC[0m
  ↳ /home/mateus/.rbenv/versions/2.4.2/bin/rake:23
  [1m[35m (0.2ms)[0m  [1m[34mSELECT pg_advisory_unlock(3550744802028369960)[0m
  ↳ /home/mateus/.rbenv/versions/2.4.2/bin/rake:23
Started POST "/api/v1/auth/sign_in" for ::1 at 2019-06-29 13:46:43 -0300
  [1m[35m (1.1ms)[0m  [1m[34mSELECT "schema_migrations"."version" FROM "schema_migrations" ORDER BY "schema_migrations"."version" ASC[0m
  ↳ /home/mateus/.rbenv/versions/2.4.2/lib/ruby/gems/2.4.0/gems/activerecord-5.2.3/lib/active_record/log_subscriber.rb:98
Processing by DeviseTokenAuth::SessionsController#create as JSON
  Parameters: {"email"=>"mateuslima@ioasys.com.br", "password"=>"[FILTERED]"}
Unpermitted parameter: :format
Unpermitted parameter: :format
  [1m[36mAdmin Load (0.5ms)[0m  [1m[34mSELECT  "admins".* FROM "admins" WHERE "admins"."email" = $1 AND "admins"."provider" = $2 LIMIT $3[0m  [["email", "mateuslima@ioasys.com.br"], ["provider", "email"], ["LIMIT", 1]]
  ↳ /home/mateus/.rbenv/versions/2.4.2/lib/ruby/gems/2.4.0/gems/activerecord-5.2.3/lib/active_record/log_subscriber.rb:98
Unpermitted parameter: :format
Unpermitted parameter: :format
  [1m[35m (0.2ms)[0m  [1m[35mBEGIN[0m
  ↳ /home/mateus/.rbenv/versions/2.4.2/lib/ruby/gems/2.4.0/gems/activerecord-5.2.3/lib/active_record/log_subscriber.rb:98
  [1m[36mAdmin Update (0.6ms)[0m  [1m[33mUPDATE "admins" SET "tokens" = $1, "updated_at" = $2 WHERE "admins"."id" = $3[0m  [["tokens", "{\"WH9J0kStCr9FAhkD6bLjcw\":{\"token\":\"$2a$10$sJ7fJO3rL4z1tz0bl4Pj9.9XpwXTALi6/CpMskTdAWQ9qPDdsD/O6\",\"expiry\":1563035629},\"afhFdlR3OZVUfHgxrkU-aw\":{\"token\":\"$2a$10$Bv/UnEsWdXPApoEqjDBxMOCpyO5Aj4/XVXHBqTY7ZQHm89.Yp5GhW\",\"expiry\":1563036403}}"], ["updated_at", "2019-06-29 16:46:43.465041"], ["id", 1]]
  ↳ /home/mateus/.rbenv/versions/2.4.2/lib/ruby/gems/2.4.0/gems/activerecord-5.2.3/lib/active_record/log_subscriber.rb:98
  [1m[35m (0.6ms)[0m  [1m[35mCOMMIT[0m
  ↳ /home/mateus/.rbenv/versions/2.4.2/lib/ruby/gems/2.4.0/gems/activerecord-5.2.3/lib/active_record/log_subscriber.rb:98
Completed 500 Internal Server Error in 223ms (ActiveRecord: 4.3ms)


  
NoMethodError (undefined method `current_sign_in_at' for #<Admin:0x0000562b44cd0b20>):
  
activemodel (5.2.3) lib/active_model/attribute_methods.rb:430:in `method_missing'
devise (4.6.2) lib/devise/models/trackable.rb:21:in `update_tracked_fields'
devise (4.6.2) lib/devise/models/trackable.rb:39:in `update_tracked_fields!'
devise (4.6.2) lib/devise/hooks/trackable.rb:9:in `block in <main>'
warden (1.2.8) lib/warden/hooks.rb:15:in `block in _run_callbacks'
warden (1.2.8) lib/warden/hooks.rb:10:in `each'
warden (1.2.8) lib/warden/hooks.rb:10:in `_run_callbacks'
warden (1.2.8) lib/warden/manager.rb:52:in `_run_callbacks'
warden (1.2.8) lib/warden/proxy.rb:191:in `set_user'
devise (4.6.2) lib/devise/controllers/sign_in_out.rb:53:in `sign_in'
devise_token_auth (1.1.0) app/controllers/devise_token_auth/sessions_controller.rb:32:in `create'
actionpack (5.2.3) lib/action_controller/metal/basic_implicit_render.rb:6:in `send_action'
actionpack (5.2.3) lib/abstract_controller/base.rb:194:in `process_action'
actionpack (5.2.3) lib/action_controller/metal/rendering.rb:30:in `process_action'
actionpack (5.2.3) lib/abstract_controller/callbacks.rb:42:in `block in process_action'
activesupport (5.2.3) lib/active_support/callbacks.rb:132:in `run_callbacks'
actionpack (5.2.3) lib/abstract_controller/callbacks.rb:41:in `process_action'
actionpack (5.2.3) lib/action_controller/metal/rescue.rb:22:in `process_action'
actionpack (5.2.3) lib/action_controller/metal/instrumentation.rb:34:in `block in process_action'
activesupport (5.2.3) lib/active_support/notifications.rb:168:in `block in instrument'
activesupport (5.2.3) lib/active_support/notifications/instrumenter.rb:23:in `instrument'
activesupport (5.2.3) lib/active_support/notifications.rb:168:in `instrument'
actionpack (5.2.3) lib/action_controller/metal/instrumentation.rb:32:in `process_action'
actionpack (5.2.3) lib/action_controller/metal/params_wrapper.rb:256:in `process_action'
activerecord (5.2.3) lib/active_record/railties/controller_runtime.rb:24:in `process_action'
actionpack (5.2.3) lib/abstract_controller/base.rb:134:in `process'
actionpack (5.2.3) lib/action_controller/metal.rb:191:in `dispatch'
actionpack (5.2.3) lib/action_controller/metal.rb:252:in `dispatch'
actionpack (5.2.3) lib/action_dispatch/routing/route_set.rb:52:in `dispatch'
actionpack (5.2.3) lib/action_dispatch/routing/route_set.rb:34:in `serve'
actionpack (5.2.3) lib/action_dispatch/routing/mapper.rb:18:in `block in <class:Constraints>'
actionpack (5.2.3) lib/action_dispatch/routing/mapper.rb:48:in `serve'
actionpack (5.2.3) lib/action_dispatch/journey/router.rb:52:in `block in serve'
actionpack (5.2.3) lib/action_dispatch/journey/router.rb:35:in `each'
actionpack (5.2.3) lib/action_dispatch/journey/router.rb:35:in `serve'
actionpack (5.2.3) lib/action_dispatch/routing/route_set.rb:840:in `call'
warden (1.2.8) lib/warden/manager.rb:36:in `block in call'
warden (1.2.8) lib/warden/manager.rb:34:in `catch'
warden (1.2.8) lib/warden/manager.rb:34:in `call'
rack (2.0.7) lib/rack/etag.rb:25:in `call'
rack (2.0.7) lib/rack/conditional_get.rb:38:in `call'
rack (2.0.7) lib/rack/head.rb:12:in `call'
activerecord (5.2.3) lib/active_record/migration.rb:559:in `call'
actionpack (5.2.3) lib/action_dispatch/middleware/callbacks.rb:28:in `block in call'
activesupport (5.2.3) lib/active_support/callbacks.rb:98:in `run_callbacks'
actionpack (5.2.3) lib/action_dispatch/middleware/callbacks.rb:26:in `call'
actionpack (5.2.3) lib/action_dispatch/middleware/executor.rb:14:in `call'
actionpack (5.2.3) lib/action_dispatch/middleware/debug_exceptions.rb:61:in `call'
actionpack (5.2.3) lib/action_dispatch/middleware/show_exceptions.rb:33:in `call'
railties (5.2.3) lib/rails/rack/logger.rb:38:in `call_app'
railties (5.2.3) lib/rails/rack/logger.rb:26:in `block in call'
activesupport (5.2.3) lib/active_support/tagged_logging.rb:71:in `block in tagged'
activesupport (5.2.3) lib/active_support/tagged_logging.rb:28:in `tagged'
activesupport (5.2.3) lib/active_support/tagged_logging.rb:71:in `tagged'
railties (5.2.3) lib/rails/rack/logger.rb:26:in `call'
actionpack (5.2.3) lib/action_dispatch/middleware/remote_ip.rb:81:in `call'
actionpack (5.2.3) lib/action_dispatch/middleware/request_id.rb:27:in `call'
rack (2.0.7) lib/rack/runtime.rb:22:in `call'
activesupport (5.2.3) lib/active_support/cache/strategy/local_cache_middleware.rb:29:in `call'
actionpack (5.2.3) lib/action_dispatch/middleware/executor.rb:14:in `call'
actionpack (5.2.3) lib/action_dispatch/middleware/static.rb:127:in `call'
rack (2.0.7) lib/rack/sendfile.rb:111:in `call'
rack-cors (1.0.3) lib/rack/cors.rb:95:in `call'
railties (5.2.3) lib/rails/engine.rb:524:in `call'
puma (3.12.1) lib/puma/configuration.rb:227:in `call'
puma (3.12.1) lib/puma/server.rb:660:in `handle_request'
puma (3.12.1) lib/puma/server.rb:474:in `process_client'
puma (3.12.1) lib/puma/server.rb:334:in `block in run'
puma (3.12.1) lib/puma/thread_pool.rb:135:in `block in spawn_thread'
Started POST "/api/v1/auth/sign_in" for ::1 at 2019-06-29 13:49:52 -0300
Processing by Api::V1::Overrides::SessionsController#create as JSON
  Parameters: {"email"=>"mateuslima@ioasys.com.br", "password"=>"[FILTERED]"}
Unpermitted parameter: :format
Unpermitted parameter: :format
  [1m[36mAdmin Load (0.3ms)[0m  [1m[34mSELECT  "admins".* FROM "admins" WHERE "admins"."email" = $1 AND "admins"."provider" = $2 LIMIT $3[0m  [["email", "mateuslima@ioasys.com.br"], ["provider", "email"], ["LIMIT", 1]]
  ↳ app/controllers/api/v1/overrides/sessions_controller.rb:5
Unpermitted parameter: :format
Unpermitted parameter: :format
  [1m[35m (0.2ms)[0m  [1m[35mBEGIN[0m
  ↳ app/controllers/api/v1/overrides/sessions_controller.rb:5
  [1m[36mAdmin Update (0.3ms)[0m  [1m[33mUPDATE "admins" SET "tokens" = $1, "updated_at" = $2 WHERE "admins"."id" = $3[0m  [["tokens", "{\"WH9J0kStCr9FAhkD6bLjcw\":{\"token\":\"$2a$10$sJ7fJO3rL4z1tz0bl4Pj9.9XpwXTALi6/CpMskTdAWQ9qPDdsD/O6\",\"expiry\":1563035629},\"afhFdlR3OZVUfHgxrkU-aw\":{\"token\":\"$2a$10$Bv/UnEsWdXPApoEqjDBxMOCpyO5Aj4/XVXHBqTY7ZQHm89.Yp5GhW\",\"expiry\":1563036403},\"MQ0dh7TYjTTmNxojkn8FGg\":{\"token\":\"$2a$10$/RbmbcTmSpJtwPBF0TK1G.sTlgL2DCDf1BB7Dngt71ttkpV4TGxUq\",\"expiry\":1563036602}}"], ["updated_at", "2019-06-29 16:50:02.948936"], ["id", 1]]
  ↳ app/controllers/api/v1/overrides/sessions_controller.rb:5
  [1m[35m (2.1ms)[0m  [1m[35mCOMMIT[0m
  ↳ app/controllers/api/v1/overrides/sessions_controller.rb:5
Completed 500 Internal Server Error in 214ms (ActiveRecord: 4.3ms)


  
NoMethodError (undefined method `current_sign_in_at' for #<Admin:0x0000562b44fb1718>):
  
app/controllers/api/v1/overrides/sessions_controller.rb:5:in `create'
Started POST "/api/v1/auth/sign_in" for ::1 at 2019-06-29 13:50:36 -0300
Processing by Api::V1::Overrides::SessionsController#create as JSON
  Parameters: {"email"=>"mateuslima@ioasys.com.br", "password"=>"[FILTERED]"}
Unpermitted parameter: :format
Unpermitted parameter: :format
  [1m[36mAdmin Load (1.2ms)[0m  [1m[34mSELECT  "admins".* FROM "admins" WHERE "admins"."email" = $1 AND "admins"."provider" = $2 LIMIT $3[0m  [["email", "mateuslima@ioasys.com.br"], ["provider", "email"], ["LIMIT", 1]]
  ↳ (byebug):1
Unpermitted parameter: :format
Unpermitted parameter: :format
  [1m[35m (0.2ms)[0m  [1m[35mBEGIN[0m
  ↳ (byebug):1
  [1m[36mAdmin Update (0.4ms)[0m  [1m[33mUPDATE "admins" SET "tokens" = $1, "updated_at" = $2 WHERE "admins"."id" = $3[0m  [["tokens", "{\"WH9J0kStCr9FAhkD6bLjcw\":{\"token\":\"$2a$10$sJ7fJO3rL4z1tz0bl4Pj9.9XpwXTALi6/CpMskTdAWQ9qPDdsD/O6\",\"expiry\":1563035629},\"afhFdlR3OZVUfHgxrkU-aw\":{\"token\":\"$2a$10$Bv/UnEsWdXPApoEqjDBxMOCpyO5Aj4/XVXHBqTY7ZQHm89.Yp5GhW\",\"expiry\":1563036403},\"MQ0dh7TYjTTmNxojkn8FGg\":{\"token\":\"$2a$10$/RbmbcTmSpJtwPBF0TK1G.sTlgL2DCDf1BB7Dngt71ttkpV4TGxUq\",\"expiry\":1563036602},\"bUVjdLJpqz1ZXMzVTxKkDg\":{\"token\":\"$2a$10$NCLSZDdqw0f48QrfLp/i8e5t0mw51p8IMmKWPPm2vfpTzQm5evATC\",\"expiry\":1563036644}}"], ["updated_at", "2019-06-29 16:50:44.402621"], ["id", 1]]
  ↳ (byebug):1
  [1m[35m (2.0ms)[0m  [1m[35mCOMMIT[0m
  ↳ (byebug):1
Unpermitted parameter: :format
Unpermitted parameter: :format
  [1m[36mAdmin Load (1.3ms)[0m  [1m[34mSELECT  "admins".* FROM "admins" WHERE "admins"."email" = $1 AND "admins"."provider" = $2 LIMIT $3[0m  [["email", "mateuslima@ioasys.com.br"], ["provider", "email"], ["LIMIT", 1]]
  ↳ app/controllers/api/v1/overrides/sessions_controller.rb:6
Unpermitted parameter: :format
Unpermitted parameter: :format
  [1m[35m (0.2ms)[0m  [1m[35mBEGIN[0m
  ↳ app/controllers/api/v1/overrides/sessions_controller.rb:6
  [1m[36mAdmin Update (0.4ms)[0m  [1m[33mUPDATE "admins" SET "tokens" = $1, "updated_at" = $2 WHERE "admins"."id" = $3[0m  [["tokens", "{\"WH9J0kStCr9FAhkD6bLjcw\":{\"token\":\"$2a$10$sJ7fJO3rL4z1tz0bl4Pj9.9XpwXTALi6/CpMskTdAWQ9qPDdsD/O6\",\"expiry\":1563035629},\"afhFdlR3OZVUfHgxrkU-aw\":{\"token\":\"$2a$10$Bv/UnEsWdXPApoEqjDBxMOCpyO5Aj4/XVXHBqTY7ZQHm89.Yp5GhW\",\"expiry\":1563036403},\"MQ0dh7TYjTTmNxojkn8FGg\":{\"token\":\"$2a$10$/RbmbcTmSpJtwPBF0TK1G.sTlgL2DCDf1BB7Dngt71ttkpV4TGxUq\",\"expiry\":1563036602},\"bUVjdLJpqz1ZXMzVTxKkDg\":{\"token\":\"$2a$10$NCLSZDdqw0f48QrfLp/i8e5t0mw51p8IMmKWPPm2vfpTzQm5evATC\",\"expiry\":1563036644},\"V9fjNm71KlOYC_0TKm1Z2Q\":{\"token\":\"$2a$10$oDHWmDjeauQ3uE2gDVN9zOKiBBth2XDTX3UtEo0QL95rJMEuUroCy\",\"expiry\":1563036740}}"], ["updated_at", "2019-06-29 16:52:20.418113"], ["id", 1]]
  ↳ app/controllers/api/v1/overrides/sessions_controller.rb:6
  [1m[35m (1.5ms)[0m  [1m[35mCOMMIT[0m
  ↳ app/controllers/api/v1/overrides/sessions_controller.rb:6
  [1m[36mAdmin Load (0.3ms)[0m  [1m[34mSELECT  "admins".* FROM "admins" WHERE "admins"."id" = $1 LIMIT $2[0m  [["id", 1], ["LIMIT", 1]]
  ↳ /home/mateus/.rbenv/versions/2.4.2/lib/ruby/gems/2.4.0/gems/activerecord-5.2.3/lib/active_record/log_subscriber.rb:98
Completed 204 No Content in 103931ms (ActiveRecord: 12.7ms)


Started POST "/api/v1/auth/sign_in" for ::1 at 2019-06-29 13:52:34 -0300
  [1m[35m (0.9ms)[0m  [1m[34mSELECT "schema_migrations"."version" FROM "schema_migrations" ORDER BY "schema_migrations"."version" ASC[0m
  ↳ /home/mateus/.rbenv/versions/2.4.2/lib/ruby/gems/2.4.0/gems/activerecord-5.2.3/lib/active_record/log_subscriber.rb:98
  
ActiveRecord::PendingMigrationError (

Migrations are pending. To resolve this issue, run:

        bin/rails db:migrate RAILS_ENV=development

):
  
activerecord (5.2.3) lib/active_record/migration.rb:579:in `check_pending!'
activerecord (5.2.3) lib/active_record/migration.rb:556:in `call'
actionpack (5.2.3) lib/action_dispatch/middleware/callbacks.rb:28:in `block in call'
activesupport (5.2.3) lib/active_support/callbacks.rb:98:in `run_callbacks'
actionpack (5.2.3) lib/action_dispatch/middleware/callbacks.rb:26:in `call'
actionpack (5.2.3) lib/action_dispatch/middleware/executor.rb:14:in `call'
actionpack (5.2.3) lib/action_dispatch/middleware/debug_exceptions.rb:61:in `call'
actionpack (5.2.3) lib/action_dispatch/middleware/show_exceptions.rb:33:in `call'
railties (5.2.3) lib/rails/rack/logger.rb:38:in `call_app'
railties (5.2.3) lib/rails/rack/logger.rb:26:in `block in call'
activesupport (5.2.3) lib/active_support/tagged_logging.rb:71:in `block in tagged'
activesupport (5.2.3) lib/active_support/tagged_logging.rb:28:in `tagged'
activesupport (5.2.3) lib/active_support/tagged_logging.rb:71:in `tagged'
railties (5.2.3) lib/rails/rack/logger.rb:26:in `call'
actionpack (5.2.3) lib/action_dispatch/middleware/remote_ip.rb:81:in `call'
actionpack (5.2.3) lib/action_dispatch/middleware/request_id.rb:27:in `call'
rack (2.0.7) lib/rack/runtime.rb:22:in `call'
activesupport (5.2.3) lib/active_support/cache/strategy/local_cache_middleware.rb:29:in `call'
actionpack (5.2.3) lib/action_dispatch/middleware/executor.rb:14:in `call'
actionpack (5.2.3) lib/action_dispatch/middleware/static.rb:127:in `call'
rack (2.0.7) lib/rack/sendfile.rb:111:in `call'
rack-cors (1.0.3) lib/rack/cors.rb:95:in `call'
railties (5.2.3) lib/rails/engine.rb:524:in `call'
puma (3.12.1) lib/puma/configuration.rb:227:in `call'
puma (3.12.1) lib/puma/server.rb:660:in `handle_request'
puma (3.12.1) lib/puma/server.rb:474:in `process_client'
puma (3.12.1) lib/puma/server.rb:334:in `block in run'
puma (3.12.1) lib/puma/thread_pool.rb:135:in `block in spawn_thread'
  [1m[35m (0.2ms)[0m  [1m[34mSELECT pg_try_advisory_lock(3550744802028369960)[0m
  ↳ bin/rails:9
  [1m[35m (0.5ms)[0m  [1m[34mSELECT "schema_migrations"."version" FROM "schema_migrations" ORDER BY "schema_migrations"."version" ASC[0m
  ↳ bin/rails:9
Migrating to Details (213242153151)
  [1m[35m (0.2ms)[0m  [1m[34mSELECT pg_advisory_unlock(3550744802028369960)[0m
  ↳ bin/rails:9
  [1m[35m (0.2ms)[0m  [1m[34mSELECT pg_try_advisory_lock(3550744802028369960)[0m
  ↳ bin/rails:9
  [1m[35m (0.5ms)[0m  [1m[34mSELECT "schema_migrations"."version" FROM "schema_migrations" ORDER BY "schema_migrations"."version" ASC[0m
  ↳ bin/rails:9
Migrating to Details (213242153151)
  [1m[35m (0.3ms)[0m  [1m[34mSELECT pg_advisory_unlock(3550744802028369960)[0m
  ↳ bin/rails:9
